Input file is CAD12456.fasta .
Minimal fragment length is 15 .
Working with protein sequence.
Alphabet size is 20 .
Working with probabilty estimation.
P value is : 0.050000 .
Printing all instances.
Looking for direct non-complementary repeats.
CAD12456,11487,11508,11571,11592,22,avpekkvpeaippkpespppev,avpekkvpeaippkpespppev
CAD12456,24488,24502,25570,25584,15,dlpdgrwmkasftnv,dlpdgrwmkasftnv
CAD12456,11043,11066,11050,11073,24,eeevlpeeeevlpeeeevlpeeee,eeevlpeeeevlpeeeevlpeeee
CAD12456,11043,11059,11057,11073,17,eeevlpeeeevlpeeee,eeevlpeeeevlpeeee
CAD12456,23636,23652,24718,24734,17,frimavnkygvgeples,frimavnkygvgeples
CAD12456,22549,22563,25796,25810,15,gneyifrvmavnkyg,gneyifrvmavnkyg
CAD12456,10897,10911,11237,11251,15,kkeappakvpevpkk,kkeappakvpevpkk
CAD12456,10249,10263,10883,10897,15,kpvpeekkpvpvpkk,kpvpeekkpvpvpkk
CAD12456,11451,11485,11535,11569,35,kvpeapkevvpekkvpvpppkkpevpptkvpevpk,kvpeapkevvpekkvpvpppkkpevpptkvpevpk
CAD12456,11647,11661,11675,11689,15,kvpevpkevvpekkv,kvpevpkevvpekkv
CAD12456,22542,22556,26870,26884,15,kvtkllkgneyifrv,kvtkllkgneyifrv
CAD12456,22557,22573,23639,23655,17,mavnkygvgeplesepv,mavnkygvgeplesepv
CAD12456,10949,10965,10977,10993,17,pkkveappakvpevpkk,pkkveappakvpevpkk
CAD12456,10241,10255,10269,10283,15,pkvpevpkkpvpeek,pkvpevpkkpvpeek
CAD12456,10927,10941,10955,10969,15,ppakvpevpkkpvpe,ppakvpevpkkpvpe
CAD12456,22901,22919,23983,24001,19,pplldggskiknyivekre,pplldggskiknyivekre
CAD12456,1416,1434,1421,1439,19,rmsparmsparmsparmsp,rmsparmsparmsparmsp
CAD12456,24312,24331,25394,25413,20,tklktgteyqfrifaenryg,tklktgteyqfrifaenryg
CAD12456,23361,23375,25525,25539,15,vardpcdppgrpeai,vardpcdppgrpeai
CAD12456,23299,23314,24381,24396,16,vigyhlerkernsilw,vigyhlerkernsilw
CAD12456,23556,23571,24638,24653,16,vnvkvldrpgppegpv,vnvkvldrpgppegpv
CAD12456,11452,11466,11508,11522,15,vpeapkevvpekkvp,vpeapkevvpekkvp
CAD12456,11508,11522,11536,11550,15,vpeapkevvpekkvp,vpeapkevvpekkvp
CAD12456,23342,23359,25506,25523,18,vsaenivgigkpskvsec,vsaenivgigkpskvsec
CAD12456,23391,23405,25555,25569,15,ydggskitgyivekk,ydggskitgyivekk
CAD12456,22354,22368,24518,24532,15,yefrviaknaagais,yefrviaknaagais

Total for length 15 is 13.
Total for length 16 is 2.
Total for length 17 is 4.
Total for length 18 is 1.
Total for length 19 is 2.
Total for length 20 is 1.
Total for length 22 is 1.
Total for length 24 is 1.
Total for length 35 is 1.

