Input file is NC_002549.fasta .
Minimal fragment length is 10 .
Alphabet size is 4 .
Working with probabilty estimation.
P value is : 0.100000 .
Printing all instances.
Looking for direct non-complementary repeats.
NC_002549,1613,1623,16677,16687,11,aaaaagaacga,aaaaagaacga
NC_002549,8735,8744,18886,18895,10,aaaaaggatt,aaaaaggatt
NC_002549,3023,3033,10525,10535,11,aaaactaatga,aaaactaatga
NC_002549,11,21,2316,2326,11,aaaagaaagaa,aaaagaaagaa
NC_002549,1236,1245,13026,13035,10,aaaagacaga,aaaagacaga
NC_002549,12457,12466,12997,13006,10,aaaattatta,aaaattatta
NC_002549,295,304,12829,12838,10,aaacattatt,aaacattatt
NC_002549,3024,3043,9877,9896,20,aaactaatgatgaagattaa,aaactaatgatgaagattaa
NC_002549,9877,9886,10526,10535,10,aaactaatga,aaactaatga
NC_002549,8282,8292,17026,17036,11,aaacttgatga,aaacttgatga
NC_002549,731,740,13152,13161,10,aaacttttct,aaacttttct
NC_002549,9970,9979,17776,17785,10,aaagtactat,aaagtactat
NC_002549,2802,2813,9625,9636,12,aaagtgattctt,aaagtgattctt
NC_002549,9832,9842,15375,15385,11,aaatattgttc,aaatattgttc
NC_002549,8163,8172,17502,17511,10,aaatgataat,aaatgataat
NC_002549,17413,17423,18593,18603,11,aaattgatctt,aaattgatctt
NC_002549,1491,1500,17263,17272,10,aacaactcag,aacaactcag
NC_002549,2343,2352,15924,15933,10,aacaagatca,aacaagatca
NC_002549,2700,2709,9191,9200,10,aacaatggga,aacaatggga
NC_002549,3584,3594,16525,16535,11,aacagcaaccg,aacagcaaccg
NC_002549,1997,2006,3336,3345,10,aacagtcaaa,aacagtcaaa
NC_002549,3044,3053,4439,4448,10,aaccttcatc,aaccttcatc
NC_002549,3025,3034,17877,17886,10,aactaatgat,aactaatgat
NC_002549,9878,9887,17877,17886,10,aactaatgat,aactaatgat
NC_002549,1301,1311,8212,8222,11,aactcctttaa,aactcctttaa
NC_002549,732,741,13219,13228,10,aacttttctt,aacttttctt
NC_002549,12575,12584,18034,18043,10,aagaaattac,aagaaattac
NC_002549,669,678,7449,7458,10,aagagagtgc,aagagagtgc
NC_002549,15181,15190,15961,15970,10,aagataggac,aagataggac
NC_002549,3086,3095,13389,13398,10,aagcttattg,aagcttattg
NC_002549,9695,9706,13731,13742,12,aagtatttcatg,aagtatttcatg
NC_002549,66,75,16348,16357,10,aataattttc,aataattttc
NC_002549,4184,4193,12345,12354,10,aatagcagag,aatagcagag
NC_002549,6374,6383,18395,18404,10,aatcaaaaaa,aatcaaaaaa
NC_002549,2077,2086,13621,13630,10,aatccaccac,aatccaccac
NC_002549,17503,17512,18829,18838,10,aatgataatt,aatgataatt
NC_002549,10594,10603,16689,16698,10,aattccacaa,aattccacaa
NC_002549,5458,5467,15751,15760,10,aattgcaata,aattgcaata
NC_002549,10832,10841,13567,13576,10,aattggatgc,aattggatgc
NC_002549,2764,2774,14064,14074,11,aatttttgatg,aatttttgatg
NC_002549,13185,13194,13716,13725,10,acaaaaactc,acaaaaactc
NC_002549,7899,7910,18590,18601,12,acaaaattgatc,acaaaattgatc
NC_002549,396,405,9548,9557,10,acaaccctaa,acaaccctaa
NC_002549,893,902,7040,7049,10,acaactgaag,acaactgaag
NC_002549,10558,10567,12186,12195,10,acaaggaatc,acaaggaatc
NC_002549,2035,2044,3274,3283,10,acaatccagg,acaatccagg
NC_002549,609,619,6364,6374,11,acaatcttgaa,acaatcttgaa
NC_002549,13880,13889,18408,18417,10,acaatgcagc,acaatgcagc
NC_002549,326,335,3337,3346,10,acagtcaaac,acagtcaaac
NC_002549,7835,7844,13440,13449,10,acatgccaca,acatgccaca
NC_002549,6785,6794,16978,16987,10,accacagttt,accacagttt
NC_002549,5835,5844,15940,15949,10,acccatttct,acccatttct
NC_002549,6705,6716,14784,14795,12,accggttttgga,accggttttgga
NC_002549,169,178,229,238,10,acctaggtct,acctaggtct
NC_002549,4440,4449,15614,15623,10,accttcatct,accttcatct
NC_002549,3756,3767,14799,14810,12,actgaggaaaat,actgaggaaaat
NC_002549,5822,5833,5887,5898,12,agaaaaaatcgg,agaaaaaatcgg
NC_002549,293,303,3801,3811,11,agaaacattat,agaaacattat
NC_002549,2072,2082,3271,3281,11,agaacaatcca,agaacaatcca
NC_002549,7447,7456,8675,8684,10,agaagagagt,agaagagagt
NC_002549,8274,8284,18740,18750,11,agaatgataaa,agaatgataaa
NC_002549,886,895,5539,5548,10,agaggagaca,agaggagaca
NC_002549,584,593,10627,10636,10,agagtcatcc,agagtcatcc
NC_002549,3881,3890,15882,15891,10,agatagcaac,agatagcaac
NC_002549,5476,5485,14358,14367,10,agatccagtt,agatccagtt
NC_002549,8293,8305,11483,11495,13,agattaagaaaaa,agattaagaaaaa
NC_002549,4395,4407,11483,11495,13,agattaagaaaaa,agattaagaaaaa
NC_002549,11483,11495,11506,11518,13,agattaagaaaaa,agattaagaaaaa
NC_002549,8886,8896,16758,16768,11,agcaaatccaa,agcaaatccaa
NC_002549,12348,12357,17859,17868,10,agcagagatt,agcagagatt
NC_002549,7463,7472,14698,14707,10,agcgggaagc,agcgggaagc
NC_002549,10012,10021,17403,17412,10,agctgtatat,agctgtatat
NC_002549,1249,1258,4954,4963,10,aggagttcgt,aggagttcgt
NC_002549,1195,1204,3607,3616,10,aggcttattg,aggcttattg
NC_002549,6458,6468,17184,17194,11,agtatcaggaa,agtatcaggaa
NC_002549,2741,2750,7100,7109,10,agtcaaggaa,agtcaaggaa
NC_002549,15000,15009,18559,18568,10,agtgttttgg,agtgttttgg
NC_002549,11554,11563,13758,13767,10,agttgaaatt,agttgaaatt
NC_002549,6951,6960,8357,8366,10,agttgtcttt,agttgtcttt
NC_002549,7218,7227,8280,8289,10,ataaacttga,ataaacttga
NC_002549,7892,7901,17281,17290,10,ataacagaca,ataacagaca
NC_002549,8403,8412,11174,11183,10,ataatcagat,ataatcagat
NC_002549,3012,3021,18833,18842,10,ataattaaga,ataattaaga
NC_002549,5563,5572,11378,11387,10,atatactaaa,atatactaaa
NC_002549,9685,9694,18396,18405,10,atcaaaaaat,atcaaaaaat
NC_002549,3647,3656,17921,17930,10,atcactttat,atcactttat
NC_002549,10909,10919,16811,16821,11,atcataactcg,atcataactcg
NC_002549,5107,5116,16763,16772,10,atccaaaact,atccaaaact
NC_002549,12157,12166,12380,12389,10,atcccaattt,atcccaattt
NC_002549,10078,10090,15151,15163,13,atcccatacattg,atcccatacattg
NC_002549,11095,11105,15620,15630,11,atctaactaag,atctaactaag
NC_002549,11930,11940,12337,12347,11,atctcaaaaat,atctcaaaaat
NC_002549,491,500,15837,15846,10,atctggatgg,atctggatgg
NC_002549,2232,2241,3030,3039,10,atgatgaaga,atgatgaaga
NC_002549,2232,2241,9883,9892,10,atgatgaaga,atgatgaaga
NC_002549,1737,1748,1770,1781,12,atgatgacgaca,atgatgacgaca
NC_002549,3015,3026,11485,11496,12,attaagaaaaaa,attaagaaaaaa
NC_002549,5883,5894,11485,11496,12,attaagaaaaaa,attaagaaaaaa
NC_002549,9730,9743,11508,11521,14,attaagaaaaactg,attaagaaaaactg
NC_002549,4397,4408,9730,9741,12,attaagaaaaac,attaagaaaaac
NC_002549,3015,3025,4397,4407,11,attaagaaaaa,attaagaaaaa
NC_002549,4397,4407,5883,5893,11,attaagaaaaa,attaagaaaaa
NC_002549,3015,3025,11508,11518,11,attaagaaaaa,attaagaaaaa
NC_002549,5883,5893,11508,11518,11,attaagaaaaa,attaagaaaaa
NC_002549,3015,3025,9730,9740,11,attaagaaaaa,attaagaaaaa
NC_002549,5883,5893,9730,9740,11,attaagaaaaa,attaagaaaaa
NC_002549,9730,9740,11485,11495,11,attaagaaaaa,attaagaaaaa
NC_002549,3015,3025,8295,8305,11,attaagaaaaa,attaagaaaaa
NC_002549,5883,5893,8295,8305,11,attaagaaaaa,attaagaaaaa
NC_002549,8295,8305,9730,9740,11,attaagaaaaa,attaagaaaaa
NC_002549,726,736,17021,17031,11,attacaaactt,attacaaactt
NC_002549,4351,4361,17885,17895,11,attataatcaa,attataatcaa
NC_002549,11927,11936,16881,16890,10,attatctcaa,attatctcaa
NC_002549,3725,3734,4546,4555,10,attcaacaat,attcaacaat
NC_002549,12534,12543,17257,17266,10,attcttaaca,attcttaaca
NC_002549,9231,9240,11068,11077,10,attcttgaat,attcttgaat
NC_002549,6092,6101,17979,17988,10,attctttctt,attctttctt
NC_002549,105,114,10879,10888,10,attgaaattg,attgaaattg
NC_002549,6056,6065,8024,8033,10,attgcagtta,attgcagtta
NC_002549,7878,7887,11634,11643,10,attggaccaa,attggaccaa
NC_002549,7661,7671,18125,18135,11,atttacataga,atttacataga
NC_002549,7661,7670,16174,16183,10,atttacatag,atttacatag
NC_002549,762,771,6858,6867,10,atttggaagg,atttggaagg
NC_002549,9,19,13381,13391,11,caaaaagaaag,caaaaagaaag
NC_002549,2051,2060,15206,15215,10,caaaatgtcc,caaaatgtcc
NC_002549,13300,13309,15467,15476,10,caaacacttt,caaacacttt
NC_002549,4543,4552,17677,17686,10,caaattcaac,caaattcaac
NC_002549,11318,11327,16394,16403,10,caagacaaca,caagacaaca
NC_002549,7436,7445,15695,15704,10,caagataccg,caagataccg
NC_002549,2345,2354,9109,9118,10,caagatcagg,caagatcagg
NC_002549,6222,6232,16957,16967,11,caattgagatc,caattgagatc
NC_002549,7036,7045,12665,12674,10,cacaacaact,cacaacaact
NC_002549,5,14,18912,18921,10,cacacaaaaa,cacacaaaaa
NC_002549,11431,11440,14909,14918,10,cacagattct,cacagattct
NC_002549,147,156,242,251,10,cacatcacaa,cacatcacaa
NC_002549,1055,1064,16628,16637,10,cacatgatgg,cacatgatgg
NC_002549,5582,5592,14048,14058,11,caccattgtct,caccattgtct
NC_002549,1510,1519,15579,15588,10,cactgaggct,cactgaggct
NC_002549,5440,5449,13790,13799,10,cagctgtgat,cagctgtgat
NC_002549,2041,2050,4631,4640,10,caggccaatt,caggccaatt
NC_002549,2444,2453,3149,3158,10,caggggccat,caggggccat
NC_002549,6060,6069,14363,14372,10,cagttacctc,cagttacctc
NC_002549,17428,17437,18305,18314,10,catattgatc,catattgatc
NC_002549,15094,15103,18508,18517,10,catattgtta,catattgtta
NC_002549,7228,7237,14121,14130,10,catctctgag,catctctgag
NC_002549,3782,3792,4848,4858,11,catttcggcaa,catttcggcaa
NC_002549,1281,1290,15783,15792,10,ccaaggtaaa,ccaaggtaaa
NC_002549,2159,2168,16899,16908,10,ccaattaacg,ccaattaacg
NC_002549,2895,2904,6538,6547,10,ccacagttat,ccacagttat
NC_002549,3298,3309,7562,7573,12,cccaaatgcaac,cccaaatgcaac
NC_002549,4642,4651,5053,5062,10,ccgatgacac,ccgatgacac
NC_002549,1327,1337,1672,1682,11,cctggccaagc,cctggccaagc
NC_002549,355,364,17754,17763,10,ccttggtttt,ccttggtttt
NC_002549,5978,5988,7779,7789,11,ccttttcaatc,ccttttcaatc
NC_002549,7010,7019,17594,17603,10,cgaacttctt,cgaacttctt
NC_002549,13130,13139,16287,16296,10,cggaacaatt,cggaacaatt
NC_002549,14347,14356,16645,16654,10,cggaatctag,cggaatctag
NC_002549,10242,10251,16718,16727,10,cgtcgttcca,cgtcgttcca
NC_002549,6682,6691,13204,13213,10,ctaccacaat,ctaccacaat
NC_002549,7740,7750,16554,16564,11,ctcttcaactg,ctcttcaactg
NC_002549,2313,2322,10179,10188,10,ctgaaaagaa,ctgaaaagaa
NC_002549,4006,4017,6207,6218,12,ctgtcatccaca,ctgtcatccaca
NC_002549,4311,4320,9722,9731,10,cttaaaatat,cttaaaatat
NC_002549,7223,7235,11156,11168,13,cttgacatctctg,cttgacatctctg
NC_002549,2221,2230,6141,6150,10,cttggagtca,cttggagtca
NC_002549,16731,16742,17469,17480,12,ctttctaagtga,ctttctaagtga
NC_002549,6850,6859,10524,10533,10,gaaaactaat,gaaaactaat
NC_002549,12727,12736,16523,16532,10,gaaacagcaa,gaaacagcaa
NC_002549,19,29,2760,2770,11,gaagaattttt,gaagaattttt
NC_002549,4393,4408,11504,11519,16,gaagattaagaaaaac,gaagattaagaaaaac
NC_002549,8291,8305,11504,11518,15,gaagattaagaaaaa,gaagattaagaaaaa
NC_002549,5903,5912,11504,11513,10,gaagattaag,gaagattaag
NC_002549,59,68,9888,9897,10,gaagattaat,gaagattaat
NC_002549,7604,7613,17089,17098,10,gaaggtgctg,gaaggtgctg
NC_002549,788,798,16601,16611,11,gaagtcaagaa,gaagtcaagaa
NC_002549,6052,6061,13528,13537,10,gaatattgca,gaatattgca
NC_002549,451,461,17948,17958,11,gaatcacaaaa,gaatcacaaaa
NC_002549,5868,5877,11787,11796,10,gacattgccc,gacattgccc
NC_002549,346,355,17870,17879,10,gagaattaac,gagaattaac
NC_002549,4256,4265,8167,8176,10,gataatataa,gataatataa
NC_002549,11573,11582,15562,15571,10,gatattaaat,gatattaaat
NC_002549,5666,5675,16810,16819,10,gatcataact,gatcataact
NC_002549,5477,5486,12361,12370,10,gatccagttt,gatccagttt
NC_002549,4390,4402,5900,5912,13,gatgaagattaag,gatgaagattaag
NC_002549,5900,5912,8288,8300,13,gatgaagattaag,gatgaagattaag
NC_002549,3032,3043,5900,5911,12,gatgaagattaa,gatgaagattaa
NC_002549,5900,5911,9885,9896,12,gatgaagattaa,gatgaagattaa
NC_002549,8136,8145,8152,8161,10,gattacttga,gattacttga
NC_002549,8122,8131,12304,12313,10,gatttaatta,gatttaatta
NC_002549,991,1000,17676,17685,10,gcaaattcaa,gcaaattcaa
NC_002549,3419,3428,7416,7425,10,gcaacaacaa,gcaacaacaa
NC_002549,12005,12015,18438,18448,11,gcaatgaattt,gcaatgaattt
NC_002549,2894,2903,13444,13453,10,gccacagtta,gccacagtta
NC_002549,2427,2436,7839,7848,10,gccacattct,gccacattct
NC_002549,4484,4495,11666,11677,12,gcgggttatatt,gcgggttatatt
NC_002549,3609,3618,11521,11530,10,gcttattggg,gcttattggg
NC_002549,10770,10779,16288,16297,10,ggaacaattg,ggaacaattg
NC_002549,8511,8520,9321,9330,10,ggaagcttca,ggaagcttca
NC_002549,2104,2114,7954,7964,11,ggacaatgaca,ggacaatgaca
NC_002549,3896,3906,6085,6095,11,ggacatcattc,ggacatcattc
NC_002549,3642,3651,14549,14558,10,ggaccatcac,ggaccatcac
NC_002549,889,898,8494,8503,10,ggagacaact,ggagacaact
NC_002549,579,588,2516,2525,10,ggcaaagagt,ggcaaagagt
NC_002549,6027,6036,7415,7424,10,ggcaacaaca,ggcaacaaca
NC_002549,3581,3591,4566,4576,11,ggcaacagcaa,ggcaacagcaa
NC_002549,381,390,13699,13708,10,gggattgaag,gggattgaag
NC_002549,3828,3838,6708,6718,11,ggttttggaac,ggttttggaac
NC_002549,120,129,5394,5403,10,gtaatcacac,gtaatcacac
NC_002549,2742,2751,10765,10774,10,gtcaaggaac,gtcaaggaac
NC_002549,6147,6157,6209,6219,11,gtcatccacaa,gtcatccacaa
NC_002549,4008,4017,6147,6156,10,gtcatccaca,gtcatccaca
NC_002549,12317,12326,17803,17812,10,gtcgattcaa,gtcgattcaa
NC_002549,9513,9522,16381,16390,10,gtgcatgatt,gtgcatgatt
NC_002549,6965,6974,18531,18540,10,gttgtatcaa,gttgtatcaa
NC_002549,3105,3115,18753,18763,11,taaaagaaaag,taaaagaaaag
NC_002549,11578,11587,14631,14640,10,taaatggcta,taaatggcta
NC_002549,10923,10932,15257,15266,10,taacatgggt,taacatgggt
NC_002549,18340,18349,18490,18499,10,taacgaaagg,taacgaaagg
NC_002549,16029,16038,18033,18042,10,taagaaatta,taagaaatta
NC_002549,5926,5936,8326,8336,11,taatcttcatc,taatcttcatc
NC_002549,3013,3026,5881,5894,14,taattaagaaaaaa,taattaagaaaaaa
NC_002549,2910,2920,11392,11402,11,taattgtaact,taattgtaact
NC_002549,6363,6372,13486,13495,10,tacaatcttg,tacaatcttg
NC_002549,15157,15166,15675,15684,10,tacattggat,tacattggat
NC_002549,2608,2617,15157,15166,10,tacattggat,tacattggat
NC_002549,2608,2617,15675,15684,10,tacattggat,tacattggat
NC_002549,1874,1883,18041,18050,10,taccagagtt,taccagagtt
NC_002549,5696,5706,9479,9489,11,tactataatca,tactataatca
NC_002549,9974,9983,18727,18736,10,tactatttca,tactatttca
NC_002549,16948,16958,17657,17667,11,tacttacggca,tacttacggca
NC_002549,1218,1227,9406,9415,10,tacttgatca,tacttgatca
NC_002549,2740,2749,12843,12852,10,tagtcaagga,tagtcaagga
NC_002549,11149,11160,14838,14849,12,tagttatcttga,tagttatcttga
NC_002549,4353,4362,5699,5708,10,tataatcaat,tataatcaat
NC_002549,13093,13103,13618,13628,11,tataatccacc,tataatccacc
NC_002549,11136,11145,17719,17728,10,tatgctgact,tatgctgact
NC_002549,4350,4359,13615,13624,10,tattataatc,tattataatc
NC_002549,16155,16164,17430,17439,10,tattgatcct,tattgatcct
NC_002549,16173,16183,18124,18134,11,tatttacatag,tatttacatag
NC_002549,3707,3716,14996,15005,10,tcaaagtgtt,tcaaagtgtt
NC_002549,1098,1107,13746,13755,10,tcaaatttct,tcaaatttct
NC_002549,4118,4127,7687,7696,10,tcaagatggt,tcaagatggt
NC_002549,17115,17125,18778,18788,11,tcagaaatacc,tcagaaatacc
NC_002549,1193,1203,14371,14381,11,tcaggcttatt,tcaggcttatt
NC_002549,11116,11125,16590,16599,10,tcatattgag,tcatattgag
NC_002549,7429,7438,11620,11629,10,tcatcaccaa,tcatcaccaa
NC_002549,6090,6099,15411,15420,10,tcattctttc,tcattctttc
NC_002549,9248,9257,14361,14370,10,tccagttacc,tccagttacc
NC_002549,2434,2443,14755,14764,10,tctaagatca,tctaagatca
NC_002549,12333,12343,18313,18323,11,tctaatctcaa,tctaatctcaa
NC_002549,16650,16660,16860,16870,11,tctagtcctac,tctagtcctac
NC_002549,77,87,13229,13239,11,tctcattgaaa,tctcattgaaa
NC_002549,5929,5938,9952,9961,10,tcttcatctc,tcttcatctc
NC_002549,11214,11223,12287,12296,10,tcttgataat,tcttgataat
NC_002549,5728,5739,13225,13236,12,tctttctcattg,tctttctcattg
NC_002549,55,67,11500,11512,13,tgaggaagattaa,tgaggaagattaa
NC_002549,4389,4407,8287,8305,19,tgatgaagattaagaaaaa,tgatgaagattaagaaaaa
NC_002549,3031,3043,4389,4401,13,tgatgaagattaa,tgatgaagattaa
NC_002549,4389,4401,9884,9896,13,tgatgaagattaa,tgatgaagattaa
NC_002549,3031,3043,8287,8299,13,tgatgaagattaa,tgatgaagattaa
NC_002549,8287,8299,9884,9896,13,tgatgaagattaa,tgatgaagattaa
NC_002549,6451,6460,9620,9629,10,tgcacaaagt,tgcacaaagt
NC_002549,9270,9280,10790,10800,11,tgctgtcgttg,tgctgtcgttg
NC_002549,14932,14943,18502,18513,12,tgggctcatatt,tgggctcatatt
NC_002549,3103,3112,16263,16272,10,tgtaaaagaa,tgtaaaagaa
NC_002549,5640,5649,12807,12816,10,tgtttttaaa,tgtttttaaa
NC_002549,15661,15670,18261,18270,10,ttaacataca,ttaacataca
NC_002549,8390,8399,12461,12470,10,ttattaagtt,ttattaagtt
NC_002549,2812,2821,16225,16234,10,ttatttttga,ttatttttga
NC_002549,4695,4705,8331,8341,11,ttcatccttga,ttcatccttga
NC_002549,576,585,3785,3794,10,ttcggcaaag,ttcggcaaag
NC_002549,13085,13094,14717,14726,10,ttctaggata,ttctaggata
NC_002549,2818,2827,11072,11081,10,ttgaatttaa,ttgaatttaa
NC_002549,6745,6754,16043,16052,10,ttgacaattt,ttgacaattt
NC_002549,14815,14824,18245,18254,10,ttgcaaaggt,ttgcaaaggt
NC_002549,14194,14203,15753,15762,10,ttgcaatatc,ttgcaatatc
NC_002549,4059,4068,5085,5094,10,ttgcgtccag,ttgcgtccag
NC_002549,10175,10184,15006,15015,10,ttggctgaaa,ttggctgaaa
NC_002549,11395,11404,13466,13475,10,ttgtaactga,ttgtaactga
NC_002549,10009,10018,12552,12561,10,tttagctgta,tttagctgta
NC_002549,3009,3020,18475,18486,12,tttataattaag,tttataattaag
NC_002549,18475,18484,18617,18626,10,tttataatta,tttataatta
NC_002549,665,674,11974,11983,10,tttcaagaga,tttcaagaga
NC_002549,917,926,5595,5604,10,tttctctcct,tttctctcct
NC_002549,10674,10683,18211,18220,10,tttgattgaa,tttgattgaa
NC_002549,3008,3018,18616,18626,11,ttttataatta,ttttataatta
NC_002549,5484,5494,13521,13531,11,ttttatagaat,ttttatagaat
NC_002549,2410,2419,3374,3383,10,ttttgaggag,ttttgaggag
NC_002549,12147,12156,15307,15316,10,tttttggaag,tttttggaag
NC_002549,8743,8752,18946,18955,10,tttttgtgtg,tttttgtgtg

Total for length 10 is 189.
Total for length 11 is 63.
Total for length 12 is 20.
Total for length 13 is 12.
Total for length 14 is 2.
Total for length 15 is 1.
Total for length 16 is 1.
Total for length 19 is 1.
Total for length 20 is 1.

