Input file is NC_002549.fasta .
Minimal fragment length is 10 .
Alphabet size is 4 .
Working without probability estimation.
Printing all instances.
Looking for inverse complementary repeats.
NC_002549,1289,1298,16162,16171,10,aaaaatgagg,cctcattttt
NC_002549,9387,9396,18557,18566,10,aaaacactat,atagtgtttt
NC_002549,5621,5630,9065,9074,10,aaaagactca,tgagtctttt
NC_002549,4474,4483,14936,14945,10,aaaatatgag,ctcatatttt
NC_002549,4286,4295,13132,13141,10,aaaattgttc,gaacaatttt
NC_002549,13301,13310,14997,15006,10,aaacactttg,caaagtgttt
NC_002549,295,304,9644,9653,10,aaacattatt,aataatgttt
NC_002549,2317,2326,6093,6102,10,aaagaaagaa,ttctttcttt
NC_002549,12,21,6093,6102,10,aaagaaagaa,ttctttcttt
NC_002549,6121,6130,13168,13177,10,aaagaacatt,aatgttcttt
NC_002549,7328,7337,11163,11172,10,aaagcagaga,tctctgcttt
NC_002549,5998,6007,18183,18192,10,aaataaactc,gagtttattt
NC_002549,9643,9653,12829,12839,11,aaataatgttt,aaacattattt
NC_002549,9832,9841,13991,14000,10,aaatattgtt,aacaatattt
NC_002549,12915,12924,15712,15721,10,aaatcaattc,gaattgattt
NC_002549,6218,6227,7803,7812,10,aaatcaattg,caattgattt
NC_002549,4144,4153,13744,13753,10,aaatttgagc,gctcaaattt
NC_002549,3424,3433,12096,12105,10,aacaaaccat,atggtttgtt
NC_002549,13991,14000,15375,15384,10,aacaatattt,aaatattgtt
NC_002549,2622,2632,4284,4294,11,aacaattttat,ataaaattgtt
NC_002549,8438,8448,11419,11429,11,aacctaacaca,tgtgttaggtt
NC_002549,6284,6293,8061,8070,10,aactaaaaga,tcttttagtt
NC_002549,8222,8231,17726,17735,10,aactcacagt,actgtgagtt
NC_002549,618,627,13747,13756,10,aagaaatttg,caaatttctt
NC_002549,8674,8683,11912,11921,10,aagaagagag,ctctcttctt
NC_002549,2651,2660,14420,14429,10,aagaataaat,atttattctt
NC_002549,9536,9545,9611,9620,10,aagaggtatg,catacctctt
NC_002549,11495,11504,14369,14378,10,aagcctgagg,cctcaggctt
NC_002549,980,989,1366,1375,10,aaggttcaaa,tttgaacctt
NC_002549,6457,6467,18236,18246,11,aagtatcagga,tcctgatactt
NC_002549,2858,2867,10111,10120,10,aagttcaatt,aattgaactt
NC_002549,9914,9923,10459,10468,10,aataaacctt,aaggtttatt
NC_002549,16845,16854,17250,17259,10,aataatctca,tgagattatt
NC_002549,17503,17512,18622,18631,10,aatgataatt,aattatcatt
NC_002549,11901,11910,13490,13499,10,aatgcaagat,atcttgcatt
NC_002549,7084,7093,8684,8693,10,aatggttcaa,ttgaaccatt
NC_002549,7804,7815,12912,12923,12,aattgatttctt,aagaaatcaatt
NC_002549,11628,11637,16011,16020,10,aattgtattg,caatacaatt
NC_002549,16774,16783,17387,17396,10,aatttcgatc,gatcgaaatt
NC_002549,3359,3369,14708,14718,11,aatttgcaatc,gattgcaaatt
NC_002549,69,78,3759,3768,10,aattttcctc,gaggaaaatt
NC_002549,1088,1097,7067,7076,10,aattttctga,tcagaaaatt
NC_002549,7053,7063,7919,7929,11,acaaaatcatg,catgattttgt
NC_002549,5685,5694,5944,5953,10,acaaataatc,gattatttgt
NC_002549,7272,7283,9270,9281,12,acaacgacagca,tgctgtcgttgt
NC_002549,7962,7971,11624,11633,10,acaattggtg,caccaattgt
NC_002549,2756,2765,6513,6522,10,acaggaagaa,ttcttcctgt
NC_002549,128,137,7177,7186,10,acctggtttg,caaaccaggt
NC_002549,3889,3898,16912,16921,10,actcattgga,tccaatgagt
NC_002549,11452,11461,17167,17176,10,actctatact,agtatagagt
NC_002549,5803,5812,5855,5864,10,acttggattg,caatccaagt
NC_002549,2031,2040,12393,12402,10,agacacaatc,gattgtgtct
NC_002549,262,271,1540,1549,10,agactctgca,tgcagagtct
NC_002549,1795,1804,14201,14210,10,agatgatgat,atcatcatct
NC_002549,5943,5952,16843,16852,10,agattatttg,caaataatct
NC_002549,2758,2768,11559,11569,11,aggaagaattt,aaattcttcct
NC_002549,4539,4548,6750,6759,10,aggtcaaatt,aatttgacct
NC_002549,17184,17193,18236,18245,10,agtatcagga,tcctgatact
NC_002549,8067,8076,9733,9742,10,agtttttctt,aagaaaaact
NC_002549,8067,8076,11511,11520,10,agtttttctt,aagaaaaact
NC_002549,8280,8289,10817,10826,10,ataaacttga,tcaagtttat
NC_002549,7218,7227,10817,10826,10,ataaacttga,tcaagtttat
NC_002549,10303,10312,18534,18543,10,atattgatac,gtatcaatat
NC_002549,9813,9823,18512,18522,11,atcaataacaa,ttgttattgat
NC_002549,635,644,6518,6527,10,atcatacagg,cctgtatgat
NC_002549,2038,2047,7623,7632,10,atccaggcca,tggcctggat
NC_002549,1417,1427,4636,4646,11,atcggcaattg,caattgccgat
NC_002549,11986,11996,15175,15185,11,atcttatcttc,gaagataagat
NC_002549,3814,3823,16422,16431,10,atgatcactt,aagtgatcat
NC_002549,2477,2486,3046,3055,10,atgatgaagg,ccttcatcat
NC_002549,1338,1347,12428,12437,10,atggagagta,tactctccat
NC_002549,8853,8862,9440,9449,10,attaaatata,tatatttaat
NC_002549,18272,18284,18612,18624,13,attataaaaaact,agttttttataat
NC_002549,4351,4360,17883,17892,10,attataatca,tgattataat
NC_002549,3240,3249,6046,6055,10,attcctgtaa,ttacaggaat
NC_002549,12534,12544,13550,13560,11,attcttaacac,gtgttaagaat
NC_002549,10879,10889,12160,12170,11,attgaaattgg,ccaatttcaat
NC_002549,105,114,12161,12170,10,attgaaattg,caatttcaat
NC_002549,17248,17257,18315,18324,10,attgagatta,taatctcaat
NC_002549,6879,6890,18530,18541,12,attgatacaaca,tgttgtatcaat
NC_002549,8742,8752,18912,18922,11,atttttgtgtg,cacacaaaaat
NC_002549,7273,7283,10790,10800,11,caacgacagca,tgctgtcgttg
NC_002549,8914,8923,11564,11573,10,caagaggaag,cttcctcttg
NC_002549,13353,13362,18302,18311,10,caatatgatg,catcatattg
NC_002549,2921,2930,13526,13535,10,caatattcta,tagaatattg
NC_002549,10225,10234,13562,13571,10,caattaaaaa,tttttaattg
NC_002549,6688,6698,10105,10115,11,caattagatat,atatctaattg
NC_002549,15750,15759,18086,18095,10,caattgcaat,attgcaattg
NC_002549,18912,18921,18946,18955,10,cacacaaaaa,tttttgtgtg
NC_002549,5,14,8743,8752,10,cacacaaaaa,tttttgtgtg
NC_002549,4235,4244,8643,8652,10,cacttgtgag,ctcacaagtg
NC_002549,5973,5983,10385,10395,11,caggtcctttt,aaaaggacctg
NC_002549,4972,4981,6233,6242,10,cagtccaact,agttggactg
NC_002549,9153,9162,9220,9229,10,cagtgataaa,tttatcactg
NC_002549,80,89,12162,12171,10,cattgaaatt,aatttcaatg
NC_002549,5122,5133,16264,16275,12,ccattcttttac,gtaaaagaatgg
NC_002549,15775,15785,18898,18908,11,ccatttttcca,tggaaaaatgg
NC_002549,5037,5046,10637,10646,10,cctgctgcaa,ttgcagcagg
NC_002549,924,934,18243,18253,11,cctttgcaagt,acttgcaaagg
NC_002549,3620,3629,8576,8585,10,cgaacatggt,accatgttcg
NC_002549,7021,7032,14500,14511,12,cgacccagggac,gtccctgggtcg
NC_002549,17343,17352,17794,17803,10,cgaggttata,tataacctcg
NC_002549,5710,5720,10604,10614,11,cggtgattcaa,ttgaatcaccg
NC_002549,7296,7305,17080,17089,10,ctccctctgc,gcagagggag
NC_002549,9959,9968,15736,15745,10,ctccttttag,ctaaaaggag
NC_002549,3535,3545,17632,17642,11,ctgagatggtt,aaccatctcag
NC_002549,1506,1515,15076,15085,10,ctgccactga,tcagtggcag
NC_002549,4501,4510,16508,16517,10,ctgctcctcc,ggaggagcag
NC_002549,11709,11718,13507,13516,10,ctgtaaactc,gagtttacag
NC_002549,14517,14526,18147,18156,10,cttaacttca,tgaagttaag
NC_002549,13011,13020,16104,16113,10,cttaagtatt,aatacttaag
NC_002549,368,379,15329,15340,12,cttgaacactta,taagtgttcaag
NC_002549,164,174,5843,5853,11,gaacaacctag,ctaggttgttc
NC_002549,11049,11058,15068,15077,10,gacacgaatg,cattcgtgtc
NC_002549,3643,3652,16582,16591,10,gaccatcact,agtgatggtc
NC_002549,7525,7534,11814,11823,10,gagaagaact,agttcttctc
NC_002549,5543,5553,10045,10055,11,gagacactttt,aaaagtgtctc
NC_002549,3976,3985,10885,10894,10,gagttccaat,attggaactc
NC_002549,6017,6026,13207,13216,10,gatattgtgg,ccacaatatc
NC_002549,3032,3044,8324,8336,13,gatgaagattaaa,tttaatcttcatc
NC_002549,5900,5911,8325,8336,12,gatgaagattaa,ttaatcttcatc
NC_002549,4390,4401,8325,8336,12,gatgaagattaa,ttaatcttcatc
NC_002549,8288,8299,8325,8336,12,gatgaagattaa,ttaatcttcatc
NC_002549,5900,5910,5926,5936,11,gatgaagatta,taatcttcatc
NC_002549,3032,3042,5926,5936,11,gatgaagatta,taatcttcatc
NC_002549,4390,4400,5926,5936,11,gatgaagatta,taatcttcatc
NC_002549,7601,7610,15613,15622,10,gatgaaggtg,caccttcatc
NC_002549,2231,2240,3047,3056,10,gatgatgaag,cttcatcatc
NC_002549,1796,1805,8591,8600,10,gatgatgatc,gatcatcatc
NC_002549,6651,6660,12925,12934,10,gcaacggagg,cctccgttgc
NC_002549,2044,2053,15239,15248,10,gccaattcaa,ttgaattggc
NC_002549,6714,6723,9296,9305,10,ggaaccaatg,cattggttcc
NC_002549,10562,10571,11309,11318,10,ggaatctctt,aagagattcc
NC_002549,2,14,18946,18958,13,ggacacacaaaaa,tttttgtgtgtcc
NC_002549,31,40,12616,12625,10,ggatcttttg,caaaagatcc
NC_002549,7475,7484,17540,17549,10,ggcttaatta,taattaagcc
NC_002549,10402,10411,13653,13662,10,ggggttgtct,agacaacccc
NC_002549,13258,13267,18067,18076,10,ggtagaacct,aggttctacc
NC_002549,14224,14233,16327,16336,10,ggttttgacc,ggtcaaaacc
NC_002549,414,423,9647,9656,10,gtaaaacatt,aatgttttac
NC_002549,1469,1479,2990,3000,11,gtaaatgttgg,ccaacatttac
NC_002549,9593,9602,9802,9811,10,gtaatataac,gttatattac
NC_002549,12821,12830,16007,16016,10,gtattgccaa,ttggcaatac
NC_002549,1257,1267,7975,7985,11,gtctccatcct,aggatggagac
NC_002549,1838,1848,3629,3639,11,gtggtggttga,tcaaccaccac
NC_002549,13940,13949,13966,13975,10,taaaacctga,tcaggtttta
NC_002549,433,445,8055,8067,13,taaaagacaaatt,aatttgtctttta
NC_002549,12813,12824,18364,18375,12,taaatatagtat,atactatattta
NC_002549,1659,1668,16249,16258,10,taagaaaaga,tcttttctta
NC_002549,9910,9919,14421,14430,10,taagaataaa,tttattctta
NC_002549,14757,14766,15811,15820,10,taagatcatc,gatgatctta
NC_002549,9507,9516,17848,17857,10,taagatgtgc,gcacatctta
NC_002549,7798,7807,13274,13283,10,taaggcaatt,aattgcctta
NC_002549,65,74,12997,13006,10,taataatttt,aaaattatta
NC_002549,5926,5936,8288,8298,11,taatcttcatc,gatgaagatta
NC_002549,5926,5936,9885,9895,11,taatcttcatc,gatgaagatta
NC_002549,18621,18632,18828,18839,12,taattatcatta,taatgataatta
NC_002549,292,301,14336,14345,10,tagaaacatt,aatgtttcta
NC_002549,13046,13055,16728,16737,10,tagaaaggac,gtcctttcta
NC_002549,2845,2854,14029,14038,10,tagccgtttt,aaaacggcta
NC_002549,2496,2506,10521,10531,11,tagttttcagt,actgaaaacta
NC_002549,5487,5496,11434,11443,10,tatagaatct,agattctata
NC_002549,2789,2800,14852,14863,12,tattatcacaat,attgtgataata
NC_002549,11210,11219,15336,15345,10,tatttcttga,tcaagaaata
NC_002549,12991,13000,18563,18572,10,tcaaccaaaa,ttttggttga
NC_002549,8470,8479,13157,13166,10,tcaatagaaa,tttctattga
NC_002549,3844,3853,7964,7973,10,tccaccaatt,aattggtgga
NC_002549,3916,3925,7622,7631,10,tccaggccag,ctggcctgga
NC_002549,2540,2550,14076,14086,11,tcccttgaaga,tcttcaaggga
NC_002549,217,226,8369,8378,10,tcccttgtca,tgacaaggga
NC_002549,1071,1080,6970,6979,10,tccgtttgat,atcaaacgga
NC_002549,15280,15289,15554,15563,10,tcgaacagtg,cactgttcga
NC_002549,6527,6537,17335,17345,11,tcgacttgctt,aagcaagtcga
NC_002549,12338,12348,16226,16236,11,tctcaaaaata,tatttttgaga
NC_002549,11931,11940,16227,16236,10,tctcaaaaat,atttttgaga
NC_002549,703,712,2232,2241,10,tcttcatcat,atgatgaaga
NC_002549,703,712,9883,9892,10,tcttcatcat,atgatgaaga
NC_002549,703,712,3030,3039,10,tcttcatcat,atgatgaaga
NC_002549,1513,1522,8097,8106,10,tgaggctgag,ctcagcctca
NC_002549,2640,2649,16386,16395,10,tgatgaatca,tgattcatca
NC_002549,13326,13336,15855,15865,11,tgatggtcttg,caagaccatca
NC_002549,6281,6290,8429,8438,10,tgcaactaaa,tttagttgca
NC_002549,15546,15555,17669,17678,10,tgcagttgca,tgcaactgca
NC_002549,12932,12941,14277,14286,10,tgccaatgat,atcattggca
NC_002549,971,982,11818,11829,12,tgccttgagaag,cttctcaaggca
NC_002549,805,814,5203,5212,10,tggagtgaag,cttcactcca
NC_002549,3210,3219,16620,16629,10,tggatctctg,cagagatcca
NC_002549,1329,1338,12484,12493,10,tggccaagca,tgcttggcca
NC_002549,12097,12106,16609,16618,10,tggtttgttc,gaacaaacca
NC_002549,14475,14485,14902,14912,11,tgtgctaaatc,gatttagcaca
NC_002549,13551,13560,17257,17266,10,tgttaagaat,attcttaaca
NC_002549,1308,1317,15220,15229,10,ttaaggctgc,gcagccttaa
NC_002549,64,74,12457,12467,11,ttaataatttt,aaaattattaa
NC_002549,8325,8336,9885,9896,12,ttaatcttcatc,gatgaagattaa
NC_002549,11543,11552,15616,15625,10,ttagatgaag,cttcatctaa
NC_002549,1199,1209,9810,9820,11,ttattgattgt,acaatcaataa
NC_002549,14590,14599,16669,16678,10,ttatttcatg,catgaaataa
NC_002549,4196,4205,11551,11560,10,ttcaactgct,agcagttgaa
NC_002549,1755,1766,4891,4902,12,ttccaggaccca,tgggtcctggaa
NC_002549,3559,3568,11363,11372,10,ttctggtgat,atcaccagaa
NC_002549,1593,1602,8669,8678,10,ttcttatgaa,ttcataagaa
NC_002549,6880,6889,6965,6974,10,ttgatacaac,gttgtatcaa
NC_002549,14069,14079,14758,14768,11,ttgatgatctt,aagatcatcaa
NC_002549,4097,4106,11592,11601,10,ttgggtatgt,acatacccaa
NC_002549,12272,12281,13042,13051,10,tttctactgc,gcagtagaaa
NC_002549,5643,5653,9459,9469,11,ttttaaaggat,atcctttaaaa
NC_002549,36,47,18909,18920,12,ttttgtgtgcga,tcgcacacaaaa
NC_002549,13936,13945,18645,18654,10,tttttaaaac,gttttaaaaa

Total for length 10 is 148.
Total for length 11 is 40.
Total for length 12 is 16.
Total for length 13 is 4.

