Input file is Halobacterium_salinarum_R1.fasta .
Minimal fragment length is 15 .
Alphabet size is 5 .
Working with probabilty estimation.
P value is : 0.050000 .
Printing all instances.
Looking for inverse complementary repeats.
NC_010364,64108,64123,1424620,1424635,16,aaaaggacaaaatcat,gcagccccacttcccc
NC_010364,746920,746934,1537324,1537338,15,aacaataattgtgtt,ggtgtggccgccacc
NC_010364,809808,809822,1035842,1035856,15,aacaccaagcagttc,aggtcatccaacacc
NC_010364,428645,428659,484867,484881,15,aacaccacgagcagt,gtcatctacaacacc
NC_010364,1905680,1905694,1912474,1912488,15,aaccacgagcaccac,acaacatctacaacc
NC_010364,238313,238328,1712300,1712315,16,aactattattataggg,tttcgcggcggcgacc
NC_010364,263312,263326,1406323,1406337,15,aagaactacttctac,acgaggacgacctcc
NC_010364,219314,219328,868681,868695,15,aagaactcatcaagg,ttccagcagacctcc
NC_010364,804371,804385,1780415,1780429,15,aagaactgattcaac,accaggctgacctcc
NC_010364,1242971,1242985,1775350,1775364,15,aagacgtcgttgatg,tgctggtagtactcc
NC_010364,318596,318610,1646189,1646203,15,aagacgttgtagacc,aactcgtggtactcc
NC_010364,403599,403613,1902103,1902117,15,aagatggggatgaag,tcctgcttttgctcc
NC_010364,401326,401340,1003041,1003055,15,aataaaacgtatatt,ggcgcgtaccccgcc
NC_010364,1012291,1012306,1462215,1462230,16,aataaatatttgacta,cgactgggcgcccgcc
NC_010364,24682,24697,1469876,1469891,16,aatctgttagaagcaa,ccatcctcggtgagcc
NC_010364,947240,947254,1083557,1083571,15,aatgacgtattagtt,ggtcggcgtactgcc
NC_010364,46571,46585,1166050,1166064,15,acaaacagattatct,gagcggctcacccac
NC_010364,93593,93607,1624646,1624660,15,acaacgactactacg,tacgacgactaccac
NC_010364,148491,148505,1650676,1650690,15,acaactcgtagaaat,gccctcgtagaccac
NC_010364,57055,57070,1852499,1852514,16,acaagcagtgacagca,catcactgtcatccac
NC_010364,255989,256004,1852499,1852514,16,acaagcagtgacagca,catcactgtcatccac
NC_010364,254393,254409,702398,702414,17,acacgcaatgagtgacc,aactgtctgccatacac
NC_010364,627728,627742,1751584,1751598,15,acacgtatacggctg,tgattacgcgtacac
NC_010364,497466,497480,711228,711242,15,acagcaggacgaccg,taactacttcatcac
NC_010364,574777,574793,1885321,1885337,17,accaagcagttcatcac,acagcaggtcatccaac
NC_010364,438660,438675,1578532,1578547,16,accagcaccgtgagga,cttctgtaacatcaac
NC_010364,193197,193211,1384949,1384963,15,accaggtcgtattgg,ttggcgtagttcaac
NC_010364,759386,759400,1178883,1178897,15,accgtgcgctcgcgc,atatagatatgtaac
NC_010364,96875,96889,1345552,1345566,15,actactgctagtact,gacgtcgatgacgac
NC_010364,12011,12025,1701104,1701118,15,actggacgagtgttc,aggtgtctacttgac
NC_010364,1222106,1222120,1522752,1522766,15,agaacttgatttttc,agggggctggacctc
NC_010364,1307806,1307820,1356508,1356522,15,agatagtagtcgtac,acgtagtcgtcgctc
NC_010364,386895,386909,1807423,1807437,15,agcaaaagaattaat,gccggcctccccatc
NC_010364,1371768,1371782,1836708,1836722,15,agcacgccctgttct,gaggtgaaatacatc
NC_010364,24973,24987,1407066,1407080,15,agcctgctagtgttg,tggtgtcgatgaatc
NC_010364,70016,70030,668479,668493,15,agcgacagtctgaca,cactgagtcactatc
NC_010364,100478,100492,1947451,1947465,15,agcgaggttgagaac,acctctggttctatc
NC_010364,500155,500170,1221434,1221449,16,agcgcctggggctgct,gatgattttgaatatc
NC_010364,1616381,1616395,1621821,1621835,15,agcgtttaggggcag,tcattttcgggtatc
NC_010364,55635,55649,1090827,1090841,15,aggtactatcacaac,accacagcgacgttc
NC_010364,645918,645932,1465526,1465540,15,aggtgtacaactccc,aaagaccacgtgttc
NC_010364,222891,222905,812978,812992,15,aggtgttgttcgtcg,tagtaggtggtgttc
NC_010364,15513,15527,1775922,1775936,15,aggttctcgtactgg,ttgacgtagaggttc
NC_010364,656088,656103,1481928,1481943,16,agtacagcgaggatct,gagcttctatcacgtc
NC_010364,61206,61220,1920517,1920531,15,ataaatataatattt,gggcgccgcgcccgc
NC_010364,23072,23086,1825646,1825660,15,ataatactaatacat,gcacgccgacgccgc
NC_010364,1176252,1176266,1814283,1814297,15,ataattaatacaatt,ggccacgccggccgc
NC_010364,43541,43555,1828893,1828907,15,atacaatcattatag,tcgcggcagccacgc
NC_010364,1231230,1231244,1940815,1940829,15,atagacgtcgtcgtg,tgtagtagtactcgc
NC_010364,1427317,1427331,1619512,1619526,15,atatactaccagtat,gcgtcaacgacgcgc
NC_010364,61497,61511,686872,686886,15,atatatcagtagatt,ggctcgtcagcgcgc
NC_010364,44269,44284,680184,680199,16,atatcatatttgattt,gggctgggcgcagcgc
NC_010364,12226,12241,995809,995824,16,atatgcaagacgtagt,gtcgtactccatgcgc
NC_010364,445155,445170,779247,779262,16,atattaaatcagtttc,agggtcagcccggcgc
NC_010364,26253,26267,1403610,1403624,15,atcaattagtaatca,cagccgtcggccagc
NC_010364,2622,2636,1799232,1799246,15,atcaccaccacctct,gagaacaacaacagc
NC_010364,409054,409068,1579782,1579796,15,atcgtattaatattt,gggcgccggcgtagc
NC_010364,115812,115826,1179995,1180009,15,atctagtagcgtaat,gccgtatcgtcgagc
NC_010364,43610,43625,1103508,1103523,16,atgaaggttttagatt,ggctcggggttcctgc
NC_010364,42855,42872,1888198,1888215,18,atgagaattattattact,gacggcggcggcctctgc
NC_010364,974934,974948,1929257,1929271,15,attagagggatttat,gcgggctttctcggc
NC_010364,40587,40601,211820,211834,15,attattgttggatgt,gtgcttggtggcggc
NC_010364,167360,167374,955910,955924,15,attgcaactagctac,acgatcgaccatggc
NC_010364,61390,61404,1252560,1252574,15,atttctggatgatct,gagctgcttgagggc
NC_010364,169609,169623,1494485,1494499,15,caacagcgacagcca,caatcactatcacca
NC_010364,203849,203863,1383034,1383048,15,caaccacttcctgtt,ggtgaaggacaacca
NC_010364,19810,19824,438610,438624,15,caaggtcttcaagag,tctccaggagttcca
NC_010364,747030,747044,1544332,1544346,15,caataactactgtat,gcgtgacgaccgcca
NC_010364,590065,590079,860423,860437,15,cacctgatattcttg,tggaggcgctgaaca
NC_010364,1307805,1307819,1816524,1816538,15,cagatagtagtcgta,cgtagtcgtcgctca
NC_010364,1259754,1259768,1549892,1549906,15,cagcacaactacgag,tctacgaccacatca
NC_010364,48297,48312,84338,84353,16,cagtcagtcgttcaag,tccaggtagtcagtca
NC_010364,970000,970014,1474589,1474603,15,catgtggtggccggt,gttaattgttgtgca
NC_010364,508852,508866,1208344,1208358,15,ccaatcaccaaccga,ctaaccaacagccaa
NC_010364,243619,243633,318874,318888,15,ccaccactaacacca,caacaccgacaacaa
NC_010364,285870,285884,1796775,1796789,15,ccacgagcaccacgt,gtacaacatctacaa
NC_010364,738631,738645,1090229,1090243,15,ccatcaccaacacga,ctacaccaacagcaa
NC_010364,1556950,1556964,1597254,1597268,15,cccggctgcgcctgg,ttgaatatgattaaa
NC_010364,915662,915676,1187558,1187572,15,cccgtagggattccg,taaggctttcgtaaa
NC_010364,415993,416008,606353,606368,16,ccgcggcgggcggcgt,gtattatttattataa
NC_010364,1488493,1488507,1884104,1884118,15,cctaccactagacca,caactcgacaacgaa
NC_010364,415084,415100,1773729,1773745,17,cctcctgacattggtct,gagttggcactgaagaa
NC_010364,325356,325370,342676,342690,15,cctcctgtacctctc,agagaacgtgaagaa
NC_010364,701462,701476,1448984,1448998,15,cctgctcggcgctct,gagatattagatgaa
NC_010364,602550,602564,1107095,1107109,15,cctggacgacgagat,gctctactacttgaa
NC_010364,179160,179174,1924121,1924135,15,cgacacccggcgcgt,gtatattaaacacta
NC_010364,1471153,1471167,1798380,1798394,15,cgacacgctgcaccc,aaacatgatacacta
NC_010364,894199,894213,1160826,1160840,15,cgagacatggacgtg,tgtacttgcactcta
NC_010364,400206,400221,1466365,1466380,16,cgaggaaaccgcgtac,acgtataacccttcta
NC_010364,873178,873193,1178262,1178277,16,cgaggtcgcccgccgc,ataataaatagttcta
NC_010364,1249446,1249461,1867438,1867453,16,cgcaccaccgccgagt,gtctaataacaacata
NC_010364,234995,235011,1291906,1291922,17,cgccgaccccgacgcct,gaatactaaaactaata
NC_010364,516758,516773,1826574,1826589,16,cgccggggctggcagc,atcattgattttaata
NC_010364,1262177,1262191,1518731,1518745,15,cggatacgactacta,cgacgactacgctta
NC_010364,704144,704158,1387146,1387160,15,cggtcgagggcggcg,tattatttctagtta
NC_010364,1090229,1090243,1458770,1458784,15,ctacaccaacagcaa,ccatcaccaacacga
NC_010364,96631,96645,262217,262231,15,ctacgtcgtcgttca,caggtagtagtacga
NC_010364,120655,120669,493449,493463,15,ctcaacctcctaatt,ggccgaagaaccaga
NC_010364,1566697,1566711,1595160,1595174,15,ctcaactactgtttc,agggtgacgaccaga
NC_010364,305039,305053,802825,802839,15,ctcgaggagtcggcg,tattagtcttctaga
NC_010364,864912,864926,1535827,1535841,15,ctctacgagtatttc,agggcgtctacgaga
NC_010364,491609,491623,571962,571976,15,ctgatagaagtcgtt,ggtagtcctcgctga
NC_010364,742759,742773,927681,927695,15,ctgcactacgaatac,acgcctacgacatga
NC_010364,745713,745727,927681,927695,15,ctgcactacgaatac,acgcctacgacatga
NC_010364,248988,249003,743324,743339,16,ctgtgcagcctcgcgg,ttatagaatcatgtga
NC_010364,1000817,1000831,1178268,1178282,15,ctgtgcgaggtcgcc,aatagttctatgtga
NC_010364,443392,443408,742713,742729,17,ctgttgtagtacgtgat,gctgtacgtcgtggtga
NC_010364,443392,443408,745667,745683,17,ctgttgtagtacgtgat,gctgtacgtcgtggtga
NC_010364,46524,46539,195467,195482,16,cttaaagtatatctga,ctgagcgcgtcccgga
NC_010364,46524,46538,662076,662090,15,cttaaagtatatctg,tgagcgcgtcccgga
NC_010364,46524,46538,615971,615985,15,cttaaagtatatctg,tgagcgcgtcccgga
NC_010364,59215,59229,1323792,1323806,15,cttactaggctgata,cgctgattcgacgga
NC_010364,1179770,1179785,1746107,1746122,16,cttcaggtagaggtat,gcgttctcgttcagga
NC_010364,457899,457914,1276608,1276623,16,cttctttttctattac,acggcgagggggagga
NC_010364,250480,250494,1223873,1223887,15,cttgacctcgtgttg,tggtgtagaactgga
NC_010364,100546,100560,609439,609453,15,cttgtttgacgattc,aggctactgggtgga
NC_010364,97357,97371,699912,699926,15,ctttctaggtctatt,ggcgagttcgaggga
NC_010364,399813,399827,487452,487466,15,cttttaggacggtga,ctgttacttcgggga
NC_010364,23995,24011,729443,729459,17,gaataactgatatataa,ccgcgcgctgaccgcct
NC_010364,1387055,1387069,1787039,1787053,15,gaccatgtttataca,cacgcgggtgcaact
NC_010364,491534,491548,1053252,1053266,15,gacgtacaggtgctc,agatgttcacgtact
NC_010364,19745,19761,125552,125568,17,gacgtggaagatggtgt,gtgttgctccttgtact
NC_010364,970694,970709,1808140,1808155,16,gagagcttgatgttct,gaggtgctggatctct
NC_010364,453461,453475,738380,738394,15,gataaacctatagct,gatcgcgaacccgct
NC_010364,616049,616063,1582313,1582327,15,gatagtagtgggtgt,gtgtttgtcgtcgct
NC_010364,43921,43937,1784959,1784975,17,gatattctcccagctct,gagatcaaagaggcgct
NC_010364,257817,257832,1959097,1959112,16,gatcacctggatctgg,ttgagcttgaacagct
NC_010364,850703,850717,1822488,1822502,15,gatctggaggatgtt,ggtgcttcttgagct
NC_010364,493030,493044,730970,730984,15,gatgaagtggaagtg,tgtccttgtcctgct
NC_010364,817502,817516,1833306,1833320,15,gatgagcagcatggt,gttgcatcatctgct
NC_010364,426033,426047,1128151,1128165,15,gatgctgtagaagct,gatcctcgtgatgct
NC_010364,196212,196226,1551074,1551088,15,gcaccaacaccacgt,gtacaacaccaacat
NC_010364,836844,836858,1176251,1176265,15,gccacgccggccgcg,tataattaatacaat
NC_010364,527610,527624,1387357,1387371,15,gcccgcggccccgtc,agtaaaattataaat
NC_010364,361318,361334,1448984,1449000,17,gccctgctcggcgctct,gagatattagatgaaat
NC_010364,396657,396671,457907,457921,15,gccgacgacggcgag,tctattactactaat
NC_010364,1138095,1138110,1178833,1178848,16,gccggcgttgtcggcg,tattagtggtattaat
NC_010364,122932,122946,1745724,1745738,15,gccgttcggcctggt,gttgaattaggtaat
NC_010364,1043024,1043038,1567091,1567105,15,gcctcccggtggacc,aacttgttaaagaat
NC_010364,276685,276701,1176256,1176272,17,gcgcgtggccacgccgg,ttaatacaattgtatat
NC_010364,950159,950173,1597837,1597851,15,gctcgtcgcggatcc,aagcttatagtagat
NC_010364,714976,714990,934550,934564,15,gctgtaaatgatgtt,ggtgctgcccgtgat
NC_010364,987698,987712,1402952,1402966,15,gcttctcccggaacc,aaccttaaagaggat
NC_010364,48068,48082,1808976,1808990,15,gctttgtgatgtact,gacgtgctgtgggat
NC_010364,1124991,1125005,1908955,1908969,15,ggaagaggtcctcgt,gtagaagttctcctt
NC_010364,294678,294692,737698,737712,15,ggaatgctgtagtag,tcgtcgtgatgcctt
NC_010364,649409,649423,943332,943346,15,ggacctcctcgcggc,attatagaagaactt
NC_010364,614323,614337,747098,747112,15,ggaggctccgcccag,tcaaataagattctt
NC_010364,51355,51369,742405,742419,15,ggctatcctgttttg,tggggtgaagcgatt
NC_010364,51355,51369,745359,745373,15,ggctatcctgttttg,tggggtgaagcgatt
NC_010364,422652,422667,700783,700798,16,ggtcatcaacgagacc,aactctaccagcagtt
NC_010364,61728,61742,956962,956976,15,ggtcatctatcacct,gaacagcgagcagtt
NC_010364,914429,914443,1021438,1021452,15,ggtgtgtcaccgtgt,gtgtaacagtgtgtt
NC_010364,102893,102907,1914007,1914021,15,ggtgtttacctggtg,tgttgaacgggtgtt
NC_010364,504831,504845,838249,838263,15,ggtgtttcaccaacc,aaccaacagggtgtt
NC_010364,55602,55616,761425,761439,15,gtaaataactacata,cgcacgaccgcccgt
NC_010364,42731,42746,310443,310458,16,gtaattccatacctag,tcgaacgcaaggccgt
NC_010364,483528,483542,1980332,1980346,15,gtacaacaactacta,cgacgaccaccacgt
NC_010364,1551074,1551088,1843372,1843386,15,gtacaacaccaacat,gcaccaacaccacgt
NC_010364,1122460,1122475,1320259,1320274,16,gtacgacgaatacctc,agaacgcctactacgt
NC_010364,801663,801677,1288184,1288198,15,gtactgtatttgtat,gcgtgggcgtgacgt
NC_010364,266339,266353,467790,467804,15,gtacttctacgagga,cttctacgaggacgt
NC_010364,272299,272313,1235426,1235440,15,gtaggtgttgtagaa,cctcgtggtgttcgt
NC_010364,294686,294700,1932793,1932807,15,gtagtaggtgaacgt,gtacctgttcgtcgt
NC_010364,262220,262234,1739630,1739644,15,gtagtagtacgagta,cgtctacgtcgtcgt
NC_010364,1219354,1219368,1740907,1740921,15,gtagtgtacaagact,gactccacgtgtcgt
NC_010364,374980,374995,1774942,1774957,16,gtagttcttaaagtcc,aagtcccggaggtcgt
NC_010364,238301,238315,1363562,1363576,15,gtattgtttaggaac,accttcgggtggcgt
NC_010364,278635,278649,1576741,1576755,15,gtcatggacgactcc,aagactacttgcagt
NC_010364,724625,724639,1425656,1425670,15,gtcttctcgttgatc,agctggtagaggagt
NC_010364,446465,446480,1432777,1432792,16,gtggcgcttcgatgcg,tatgctaggatattgt
NC_010364,629490,629504,1211628,1211642,15,gtgtacctcaatcac,acagccagaacgtgt
NC_010364,386742,386756,1544500,1544514,15,gtgttagttcataag,tccgcaggtcggtgt
NC_010364,62935,62949,1212253,1212267,15,gttagaatatcaata,cgccagcgcctcggt
NC_010364,1392322,1392337,1793052,1793067,16,gttctgcaagatcacg,tacagctccatgaggt
NC_010364,53976,53990,988373,988387,15,gtttacgtctaacac,acaccgagtacgggt
NC_010364,48986,49000,1808294,1808308,15,gttttgaacaaggtg,tgttccacctggggt
NC_010364,1387359,1387373,1963727,1963741,15,taaaattataaataa,ccgcccgcggccccg
NC_010364,1127560,1127575,1492758,1492773,16,taataactcgttgtat,gcgtggtagaccgccg
NC_010364,23073,23087,216495,216509,15,taatactaatacata,cgcacgccgacgccg
NC_010364,747499,747513,1255050,1255064,15,taatagctctgttag,tcggtgagatcgccg
NC_010364,120665,120680,1831943,1831958,16,taattaataactcaat,gccagaccgccggccg
NC_010364,42732,42746,1150197,1150211,15,taattccatacctag,tcgaacgcaaggccg
NC_010364,741618,741632,1948234,1948248,15,taattgctgatcttc,aggagctgatggccg
NC_010364,1208666,1208680,1739788,1739802,15,tacacacaggtatgt,gtgcgttcacacacg
NC_010364,23076,23090,410630,410644,15,tactaatacatacaa,ccacgcacgccgacg
NC_010364,27320,27335,936637,936652,16,tactacaagatcagca,catcagctccacgacg
NC_010364,511381,511395,1934734,1934748,15,tactacccctcctac,acgaagaaaacgacg
NC_010364,20884,20898,1469964,1469978,15,tacttgctcgtagag,tctcgtagatggacg
NC_010364,972073,972087,1716204,1716218,15,tagaagttactacac,acacgacggtcctcg
NC_010364,117640,117654,1360949,1360963,15,tagacgtgatagtag,tcgtcgctgtactcg
NC_010364,57240,57254,1848829,1848843,15,tagatggtagtcgtc,agtagtcgttgctcg
NC_010364,256174,256188,1848829,1848843,15,tagatggtagtcgtc,agtagtcgttgctcg
NC_010364,326609,326623,1887466,1887480,15,tagctgttgatattg,tggcgctggtgatcg
NC_010364,406101,406115,780090,780104,15,tagtacaacaacaac,accaccaccacgtcg
NC_010364,454115,454129,613362,613376,15,tagtatcatcacctc,agaacagcagcgtcg
NC_010364,24849,24863,1434954,1434968,15,tagtattatatcagt,gtcagcgcggcgtcg
NC_010364,559256,559270,1095855,1095869,15,tataattatggggat,gcttttgcggccgcg
NC_010364,43772,43786,1887312,1887326,15,tatagtattatctat,gcgagcggcgtcgcg
NC_010364,46521,46535,1658323,1658337,15,tatcttaaagtatat,gcgcgtcccggagcg
NC_010364,233007,233022,259170,259185,16,tatgacctactacaac,accacgacgaactgcg
NC_010364,24846,24860,524452,524466,15,tattagtattatatc,agcgcggcgtcggcg
NC_010364,24846,24860,313854,313868,15,tattagtattatatc,agcgcggcgtcggcg
NC_010364,606354,606368,1204517,1204531,15,tattatttattataa,ccgcggcgggcggcg
NC_010364,1387146,1387161,1492409,1492424,16,tattatttctagttat,gcggtcgagggcggcg
NC_010364,218588,218604,936081,936097,17,tcaaacagtacaaaacc,aaccccacgtcacccag
NC_010364,906957,906972,1848543,1848558,16,tcaacaaagctatgac,actgcgatcccaccag
NC_010364,100135,100151,930991,931007,17,tcaactacattttcaac,accaggggcacgaccag
NC_010364,96872,96888,1650656,1650672,17,tcaactactgctagtac,acgtcgatgacgaccag
NC_010364,86001,86015,302410,302424,15,tcaactcccagctct,gagatcaaagaccag
NC_010364,86001,86015,1518178,1518192,15,tcaactcccagctct,gagatcaaagaccag
NC_010364,958297,958311,1802736,1802750,15,tcacgtccttgactt,ggactggaagtacag
NC_010364,763832,763846,1184473,1184487,15,tcataacttaaagaa,cctcccggaccgcag
NC_010364,43539,43554,897851,897866,16,tcatacaatcattata,cgcggcagccacgcag
NC_010364,445153,445167,753131,753145,15,tcatattaaatcagt,gtcagcccggcgcag
NC_010364,456223,456237,664525,664539,15,tccaatcatccccta,cgaaaagcagccaag
NC_010364,604233,604247,1996448,1996462,15,tccaccaactacttg,tggacgaccaacaag
NC_010364,258178,258192,613718,613732,15,tccagctgtagcctc,agaatcgtgatcaag
NC_010364,388174,388188,1291909,1291923,15,tcgccgaccccgacg,tactaaaactaatag
NC_010364,1121631,1121645,1597835,1597849,15,tcgtcgcggatcccc,aaaagcttatagtag
NC_010364,858506,858521,888343,888358,16,tcgtcgtcgtagtcgt,gtagtcgtagtagtag
NC_010364,858506,858521,986816,986831,16,tcgtcgtcgtagtcgt,gtagtcgtagtagtag
NC_010364,42151,42165,1781675,1781689,15,tcgtcgtggtcgtcg,tagtagttgtagtag
NC_010364,1033910,1033924,1781675,1781689,15,tcgtcgtggtcgtcg,tagtagttgtagtag
NC_010364,68463,68477,947244,947258,15,tcgtggtcggcgtac,acgtattagttgtag
NC_010364,572006,572020,1987155,1987169,15,tcgttgtggatctcg,tagagcttgtggtag
NC_010364,44934,44948,1483322,1483336,15,tctaaatcaataata,cgccgccagcccgag
NC_010364,495817,495831,1949555,1949569,15,tctacgagtactacg,tacgacgtctacgag
NC_010364,1101468,1101483,1373796,1373811,16,tctactacgtgctctt,ggagatgtacgacgag
NC_010364,457907,457922,1134128,1134143,16,tctattactactaatc,agccgacgacggcgag
NC_010364,719584,719598,1512016,1512030,15,tctgctcgtgttctt,ggaggtgtagatgag
NC_010364,46523,46537,1496407,1496421,15,tcttaaagtatatct,gagcgcgtcccggag
NC_010364,371613,371627,1548070,1548084,15,tcttcttgaacttct,gaggacctggaggag
NC_010364,97356,97371,877505,877520,16,tctttctaggtctatt,ggcgagttcgagggag
NC_010364,549583,549598,1079336,1079351,16,tgaacaccaccatatc,agcgcaacaacacctg
NC_010364,125079,125093,1910980,1910994,15,tgacaagacatttat,gcgggcactccactg
NC_010364,32692,32706,1534093,1534107,15,tgacgtagtagtggt,gttgtcgtcgtactg
NC_010364,42856,42870,1718736,1718750,15,tgagaattattatta,cggcggcggcctctg
NC_010364,454219,454233,1701297,1701311,15,tgattaggctgttat,gcggtgattcggctg
NC_010364,1372038,1372052,1969143,1969157,15,tgcaggcggagcttc,aggatcttattcatg
NC_010364,822578,822593,1778731,1778746,16,tgctgggtgaaatacc,aacgccctgtttgatg
NC_010364,1211802,1211816,1458796,1458810,15,tgctgtgtcagcact,gacatcagtgtgatg
NC_010364,877947,877961,1564538,1564552,15,tgcttgaactcgtag,tcgtagacctggatg
NC_010364,135972,135986,1544959,1544973,15,tggatgacttggaag,tccttggactgcttg
NC_010364,1781672,1781686,1991575,1991589,15,tggtagtagttgtag,tcgtggtcgtcgttg
NC_010364,63445,63459,923391,923405,15,tggtgatagacgtag,tcgtactcgctgttg
NC_010364,636939,636954,1354281,1354296,16,tgtacagctaccagaa,cctcaacgatcacgtg
NC_010364,538694,538708,558491,558505,15,tgtcgtagtagtagt,gtcgtcgtcgtagtg
NC_010364,594891,594905,1106534,1106548,15,tgttctggagtacgt,gtacgtcttgaggtg
NC_010364,553166,553180,1352150,1352164,15,tgttgttgaagaaat,gccctcctggtggtg
NC_010364,1147294,1147308,1695803,1695817,15,ttagtatctttaggt,gttcgggagcgtcgg
NC_010364,24848,24863,1438660,1438675,16,ttagtattatatcagt,gtcagcgcggcgtcgg
NC_010364,223157,223171,1423983,1423997,15,ttatattatattatg,tgcggcgcggcgcgg
NC_010364,654902,654916,1813157,1813171,15,ttattaataagtctt,ggagtccgccggcgg
NC_010364,1387148,1387163,1976659,1976674,16,ttatttctagttatag,tcgcggtcgagggcgg
NC_010364,218587,218601,1556521,1556535,15,ttcaaacagtacaaa,cccacgtcacccagg
NC_010364,39771,39785,463889,463903,15,ttcaagaacagcttg,tggatcacctccagg
NC_010364,1120735,1120749,1845722,1845736,15,ttcaagcgtacgtcg,tagtacgtatccagg
NC_010364,486543,486557,1280427,1280441,15,ttcctctcgaagtac,acgtcctagagaagg
NC_010364,642198,642213,1387164,1387179,16,ttcgcgccgcggtcca,caagttataatatagg
NC_010364,590074,590088,1737508,1737522,15,ttcttgggggtaata,cgccgtttttggagg
NC_010364,1468481,1468495,1629865,1629879,15,ttgtagtagaaatgc,atgccctcgtcgtgg
NC_010364,374978,374993,1492496,1492511,16,ttgtagttcttaaagt,gtcccggaggtcgtgg
NC_010364,1179677,1179692,1394047,1394062,16,ttgtcttctaagacgc,atactccgaggagtgg
NC_010364,19264,19278,1035777,1035791,15,ttgttcgtcgtctac,acgagtagtaggtgg
NC_010364,143414,143428,1915439,1915453,15,ttgttctacaccacc,aacaacacgaggtgg
NC_010364,1206388,1206404,1471814,1471830,17,tttggtgttgttggtgt,gtgttggtggtgttggg
NC_010364,60900,60914,1262928,1262942,15,ttttgttgatgttga,ctggtgctggtgggg

Total for length 15 is 200.
Total for length 16 is 52.
Total for length 17 is 15.
Total for length 18 is 1.

