Input file is CAD12456.fasta .
Minimal fragment length is 3 .
Working with protein sequence.
Alphabet size is 20 .
Working without probability estimation.
Printing all instances.
Looking for direct non-complementary repeats.
CAD12456,31648,31650,31651,31653,3,dkp,dkp
CAD12456,11186,11188,11189,11191,3,eev,eev
CAD12456,9552,9554,9555,9557,3,eie,eie
CAD12456,25913,25915,25916,25918,3,eps,eps
CAD12456,390,392,393,395,3,gaa,gaa
CAD12456,21497,21499,21500,21502,3,gpp,gpp
CAD12456,10113,10115,10116,10118,3,iek,iek
CAD12456,7910,7912,7913,7915,3,ile,ile
CAD12456,33468,33472,33473,33477,5,leeks,leeks
CAD12456,26415,26417,26418,26420,3,pgp,pgp
CAD12456,29376,29378,29379,29381,3,pgp,pgp
CAD12456,21400,21402,21403,21405,3,pgp,pgp
CAD12456,20515,20517,20518,20520,3,ppa,ppa
CAD12456,26513,26515,26516,26518,3,ppg,ppg
CAD12456,11808,11810,11811,11813,3,ppp,ppp
CAD12456,33591,33597,33598,33604,7,prvkspe,prvkspe
CAD12456,10437,10440,10441,10444,4,reee,reee
CAD12456,715,717,718,720,3,rep,rep
CAD12456,2780,2782,2783,2785,3,rlg,rlg
CAD12456,18629,18631,18632,18634,3,spp,spp
CAD12456,15210,15212,15213,15215,3,spp,spp
CAD12456,33169,33171,33172,33174,3,tei,tei
CAD12456,10695,10697,10698,10700,3,yee,yee

Total for length 3 is 20.
Total for length 4 is 1.
Total for length 5 is 1.
Total for length 7 is 1.

