Input file is CAD12456.nuc_EBI.fasta .
Minimal fragment length is 5 .
Alphabet size is 4 .
Working with probabilty estimation.
P value is : 0.050000 .
Printing all instances.
Looking for direct non-complementary repeats.
ENA|CAD12456|CAD12456.2 Homo sapiens (human) Titin ,5510,5515,5516,5521,6,aaaagc,aaaagc
ENA|CAD12456|CAD12456.2 Homo sapiens (human) Titin ,31577,31582,31583,31588,6,aaaagg,aaaagg
ENA|CAD12456|CAD12456.2 Homo sapiens (human) Titin ,29929,29934,29935,29940,6,aaagaa,aaagaa
ENA|CAD12456|CAD12456.2 Homo sapiens (human) Titin ,36370,36374,36375,36379,5,aaaga,aaaga
ENA|CAD12456|CAD12456.2 Homo sapiens (human) Titin ,48482,48486,48487,48491,5,aaaga,aaaga
ENA|CAD12456|CAD12456.2 Homo sapiens (human) Titin ,57574,57578,57579,57583,5,aaagc,aaagc
ENA|CAD12456|CAD12456.2 Homo sapiens (human) Titin ,98110,98114,98115,98119,5,aaagc,aaagc
ENA|CAD12456|CAD12456.2 Homo sapiens (human) Titin ,85285,85290,85291,85296,6,aaaggt,aaaggt
ENA|CAD12456|CAD12456.2 Homo sapiens (human) Titin ,81075,81080,81081,81086,6,aactat,aactat
ENA|CAD12456|CAD12456.2 Homo sapiens (human) Titin ,98660,98664,98665,98669,5,aagaa,aagaa
ENA|CAD12456|CAD12456.2 Homo sapiens (human) Titin ,49692,49696,49697,49701,5,aagag,aagag
ENA|CAD12456|CAD12456.2 Homo sapiens (human) Titin ,85113,85118,85119,85124,6,aattgg,aattgg
ENA|CAD12456|CAD12456.2 Homo sapiens (human) Titin ,22856,22860,22861,22865,5,acatt,acatt
ENA|CAD12456|CAD12456.2 Homo sapiens (human) Titin ,53197,53201,53202,53206,5,accaa,accaa
ENA|CAD12456|CAD12456.2 Homo sapiens (human) Titin ,86236,86240,86241,86245,5,actgg,actgg
ENA|CAD12456|CAD12456.2 Homo sapiens (human) Titin ,16704,16708,16709,16713,5,agaaa,agaaa
ENA|CAD12456|CAD12456.2 Homo sapiens (human) Titin ,34887,34891,34892,34896,5,agaaa,agaaa
ENA|CAD12456|CAD12456.2 Homo sapiens (human) Titin ,34299,34303,34304,34308,5,agaaa,agaaa
ENA|CAD12456|CAD12456.2 Homo sapiens (human) Titin ,35055,35059,35060,35064,5,agaaa,agaaa
ENA|CAD12456|CAD12456.2 Homo sapiens (human) Titin ,33759,33763,33764,33768,5,agaaa,agaaa
ENA|CAD12456|CAD12456.2 Homo sapiens (human) Titin ,31548,31552,31553,31557,5,agaaa,agaaa
ENA|CAD12456|CAD12456.2 Homo sapiens (human) Titin ,73162,73166,73167,73171,5,agaaa,agaaa
ENA|CAD12456|CAD12456.2 Homo sapiens (human) Titin ,76698,76702,76703,76707,5,agaaa,agaaa
ENA|CAD12456|CAD12456.2 Homo sapiens (human) Titin ,15015,15019,15020,15024,5,agctg,agctg
ENA|CAD12456|CAD12456.2 Homo sapiens (human) Titin ,33089,33094,33095,33100,6,aggaag,aggaag
ENA|CAD12456|CAD12456.2 Homo sapiens (human) Titin ,12167,12171,12172,12176,5,aggga,aggga
ENA|CAD12456|CAD12456.2 Homo sapiens (human) Titin ,34392,34397,34398,34403,6,agtgcc,agtgcc
ENA|CAD12456|CAD12456.2 Homo sapiens (human) Titin ,34644,34649,34650,34655,6,agtgcc,agtgcc
ENA|CAD12456|CAD12456.2 Homo sapiens (human) Titin ,19160,19165,19166,19171,6,atgaac,atgaac
ENA|CAD12456|CAD12456.2 Homo sapiens (human) Titin ,53618,53622,53623,53627,5,attat,attat
ENA|CAD12456|CAD12456.2 Homo sapiens (human) Titin ,102301,102306,102307,102312,6,atttct,atttct
ENA|CAD12456|CAD12456.2 Homo sapiens (human) Titin ,41736,41741,41742,41747,6,caaaga,caaaga
ENA|CAD12456|CAD12456.2 Homo sapiens (human) Titin ,40410,40415,40416,40421,6,caaagt,caaagt
ENA|CAD12456|CAD12456.2 Homo sapiens (human) Titin ,6009,6013,6014,6018,5,cagaa,cagaa
ENA|CAD12456|CAD12456.2 Homo sapiens (human) Titin ,102582,102587,102588,102593,6,cagcag,cagcag
ENA|CAD12456|CAD12456.2 Homo sapiens (human) Titin ,27957,27962,27963,27968,6,cagctt,cagctt
ENA|CAD12456|CAD12456.2 Homo sapiens (human) Titin ,27491,27495,27496,27500,5,cagct,cagct
ENA|CAD12456|CAD12456.2 Homo sapiens (human) Titin ,27871,27875,27876,27880,5,cagct,cagct
ENA|CAD12456|CAD12456.2 Homo sapiens (human) Titin ,66513,66517,66518,66522,5,catca,catca
ENA|CAD12456|CAD12456.2 Homo sapiens (human) Titin ,74916,74920,74921,74925,5,cattc,cattc
ENA|CAD12456|CAD12456.2 Homo sapiens (human) Titin ,45681,45686,45687,45692,6,cattgc,cattgc
ENA|CAD12456|CAD12456.2 Homo sapiens (human) Titin ,31045,31050,31051,31056,6,ccacca,ccacca
ENA|CAD12456|CAD12456.2 Homo sapiens (human) Titin ,59953,59957,59958,59962,5,ccagg,ccagg
ENA|CAD12456|CAD12456.2 Homo sapiens (human) Titin ,90369,90373,90374,90378,5,cctat,cctat
ENA|CAD12456|CAD12456.2 Homo sapiens (human) Titin ,92931,92935,92936,92940,5,cctgg,cctgg
ENA|CAD12456|CAD12456.2 Homo sapiens (human) Titin ,91038,91043,91044,91049,6,cgtgaa,cgtgaa
ENA|CAD12456|CAD12456.2 Homo sapiens (human) Titin ,88677,88681,88682,88686,5,cttct,cttct
ENA|CAD12456|CAD12456.2 Homo sapiens (human) Titin ,74851,74856,74857,74862,6,cttgac,cttgac
ENA|CAD12456|CAD12456.2 Homo sapiens (human) Titin ,8533,8537,8538,8542,5,gaaag,gaaag
ENA|CAD12456|CAD12456.2 Homo sapiens (human) Titin ,73382,73386,73387,73391,5,gaaat,gaaat
ENA|CAD12456|CAD12456.2 Homo sapiens (human) Titin ,20473,20478,20479,20484,6,gaacct,gaacct
ENA|CAD12456|CAD12456.2 Homo sapiens (human) Titin ,35653,35658,35659,35664,6,gaagaa,gaagaa
ENA|CAD12456|CAD12456.2 Homo sapiens (human) Titin ,62620,62624,62625,62629,5,gaagg,gaagg
ENA|CAD12456|CAD12456.2 Homo sapiens (human) Titin ,15173,15177,15178,15182,5,gactg,gactg
ENA|CAD12456|CAD12456.2 Homo sapiens (human) Titin ,54820,54824,54825,54829,5,gagag,gagag
ENA|CAD12456|CAD12456.2 Homo sapiens (human) Titin ,37726,37730,37731,37735,5,gagct,gagct
ENA|CAD12456|CAD12456.2 Homo sapiens (human) Titin ,3374,3379,3380,3385,6,gataca,gataca
ENA|CAD12456|CAD12456.2 Homo sapiens (human) Titin ,3875,3879,3880,3884,5,gattt,gattt
ENA|CAD12456|CAD12456.2 Homo sapiens (human) Titin ,8618,8622,8623,8627,5,gcaaa,gcaaa
ENA|CAD12456|CAD12456.2 Homo sapiens (human) Titin ,82874,82878,82879,82883,5,gcagt,gcagt
ENA|CAD12456|CAD12456.2 Homo sapiens (human) Titin ,40783,40788,40789,40794,6,gccaaa,gccaaa
ENA|CAD12456|CAD12456.2 Homo sapiens (human) Titin ,35980,35984,35985,35989,5,gccaa,gccaa
ENA|CAD12456|CAD12456.2 Homo sapiens (human) Titin ,56317,56321,56322,56326,5,ggcac,ggcac
ENA|CAD12456|CAD12456.2 Homo sapiens (human) Titin ,25348,25352,25353,25357,5,gtggt,gtggt
ENA|CAD12456|CAD12456.2 Homo sapiens (human) Titin ,52191,52196,52197,52202,6,taaaga,taaaga
ENA|CAD12456|CAD12456.2 Homo sapiens (human) Titin ,97455,97460,97461,97466,6,taaagt,taaagt
ENA|CAD12456|CAD12456.2 Homo sapiens (human) Titin ,63630,63634,63635,63639,5,taaca,taaca
ENA|CAD12456|CAD12456.2 Homo sapiens (human) Titin ,84294,84298,84299,84303,5,taaga,taaga
ENA|CAD12456|CAD12456.2 Homo sapiens (human) Titin ,93249,93253,93254,93258,5,tacca,tacca
ENA|CAD12456|CAD12456.2 Homo sapiens (human) Titin ,6373,6378,6379,6384,6,tactgg,tactgg
ENA|CAD12456|CAD12456.2 Homo sapiens (human) Titin ,37716,37720,37721,37725,5,tcaag,tcaag
ENA|CAD12456|CAD12456.2 Homo sapiens (human) Titin ,13555,13560,13561,13566,6,tcacct,tcacct
ENA|CAD12456|CAD12456.2 Homo sapiens (human) Titin ,42682,42686,42687,42691,5,tcaga,tcaga
ENA|CAD12456|CAD12456.2 Homo sapiens (human) Titin ,3850,3855,3856,3861,6,tctgaa,tctgaa
ENA|CAD12456|CAD12456.2 Homo sapiens (human) Titin ,100372,100377,100378,100383,6,tctgca,tctgca
ENA|CAD12456|CAD12456.2 Homo sapiens (human) Titin ,38279,38284,38285,38290,6,tgaaag,tgaaag
ENA|CAD12456|CAD12456.2 Homo sapiens (human) Titin ,4719,4723,4724,4728,5,tgaaa,tgaaa
ENA|CAD12456|CAD12456.2 Homo sapiens (human) Titin ,97980,97985,97986,97991,6,tgacaa,tgacaa
ENA|CAD12456|CAD12456.2 Homo sapiens (human) Titin ,45854,45859,45860,45865,6,tgagag,tgagag
ENA|CAD12456|CAD12456.2 Homo sapiens (human) Titin ,1071,1075,1076,1080,5,tgaga,tgaga
ENA|CAD12456|CAD12456.2 Homo sapiens (human) Titin ,14574,14578,14579,14583,5,tgatt,tgatt
ENA|CAD12456|CAD12456.2 Homo sapiens (human) Titin ,61995,61999,62000,62004,5,tggac,tggac
ENA|CAD12456|CAD12456.2 Homo sapiens (human) Titin ,19424,19428,19429,19433,5,tggta,tggta
ENA|CAD12456|CAD12456.2 Homo sapiens (human) Titin ,46530,46535,46536,46541,6,tgtaga,tgtaga
ENA|CAD12456|CAD12456.2 Homo sapiens (human) Titin ,45968,45973,45974,45979,6,ttattg,ttattg
ENA|CAD12456|CAD12456.2 Homo sapiens (human) Titin ,64767,64771,64772,64776,5,ttctg,ttctg
ENA|CAD12456|CAD12456.2 Homo sapiens (human) Titin ,92213,92217,92218,92222,5,ttgaa,ttgaa
ENA|CAD12456|CAD12456.2 Homo sapiens (human) Titin ,76535,76540,76541,76546,6,ttggca,ttggca
ENA|CAD12456|CAD12456.2 Homo sapiens (human) Titin ,95301,95305,95306,95310,5,ttgtg,ttgtg
ENA|CAD12456|CAD12456.2 Homo sapiens (human) Titin ,99957,99961,99962,99966,5,tttta,tttta

Total for length 5 is 55.
Total for length 6 is 35.

